\BOOKMARK [1][-]{section.1}{\376\377\000V\000o\000r\000g\000e\000h\000e\000n\000\040\000i\000n\000\040\000R\000e\000g\000e\000l\000u\000n\000g\000s\000t\000e\000c\000h\000n\000i\000k}{}% 1
\BOOKMARK [1][-]{section.2}{\376\377\000D\000a\000s\000\040\000S\000y\000s\000t\000e\000m}{}% 2
\BOOKMARK [2][-]{subsection.2.1}{\376\377\000G\000r\000\366\000\337\000e\000n}{section.2}% 3
\BOOKMARK [2][-]{subsection.2.2}{\376\377\000B\000e\000z\000e\000i\000c\000h\000n\000u\000n\000g}{section.2}% 4
\BOOKMARK [2][-]{subsection.2.3}{\376\377\000\334\000b\000e\000r\000t\000r\000a\000g\000u\000n\000g\000s\000f\000u\000n\000k\000t\000i\000o\000n}{section.2}% 5
\BOOKMARK [2][-]{subsection.2.4}{\376\377\000E\000i\000n\000g\000a\000b\000e\000\040\000i\000n\000\040\000M\000A\000T\000L\000A\000B}{section.2}% 6
\BOOKMARK [1][-]{section.3}{\376\377\000D\000a\000r\000s\000t\000e\000l\000l\000u\000n\000g\000s\000f\000o\000r\000m\000e\000n\000\040\000d\000e\000s\000\040\000S\000y\000s\000t\000e\000m\000s}{}% 7
\BOOKMARK [2][-]{subsection.3.1}{\376\377\000E\000x\000p\000l\000i\000z\000i\000t\000e\000\040\000D\000a\000r\000s\000t\000e\000l\000l\000u\000n\000g\000\040\000d\000e\000s\000\040\000\334\000b\000e\000r\000t\000r\000a\000g\000u\000n\000g\000s\000o\000p\000e\000r\000a\000t\000o\000r\000s}{section.3}% 8
\BOOKMARK [2][-]{subsection.3.2}{\376\377\000Z\000u\000s\000t\000a\000n\000d\000s\000r\000a\000u\000m\000d\000a\000r\000s\000t\000e\000l\000l\000u\000n\000g}{section.3}% 9
\BOOKMARK [3][-]{subsubsection.3.2.1}{\376\377\000I\000n\000t\000e\000g\000r\000a\000l\000g\000l\000e\000i\000c\000h\000u\000n\000g}{subsection.3.2}% 10
\BOOKMARK [3][-]{subsubsection.3.2.2}{\376\377\000D\000i\000f\000f\000e\000r\000e\000n\000t\000i\000a\000l\000g\000l\000e\000i\000c\000h\000u\000n\000g}{subsection.3.2}% 11
\BOOKMARK [2][-]{subsection.3.3}{\376\377\000E\000i\000n\000g\000a\000n\000g\000s\000-\000\040\000/\000A\000u\000s\000g\000a\000n\000g\000s\000\040\000D\000i\000f\000f\000e\000r\000e\000n\000t\000i\000a\000l\000g\000l\000e\000i\000c\000h\000u\000n\000g}{section.3}% 12
\BOOKMARK [2][-]{subsection.3.4}{\376\377\000\334\000b\000e\000r\000t\000r\000a\000g\000u\000n\000g\000s\000f\000u\000n\000k\000t\000i\000o\000n}{section.3}% 13
\BOOKMARK [2][-]{subsection.3.5}{\376\377\000G\000e\000w\000i\000c\000h\000t\000s\000f\000u\000n\000k\000t\000i\000o\000n\000\040\000\050\000I\000m\000p\000u\000l\000s\000a\000n\000t\000w\000o\000r\000t\000\051}{section.3}% 14
\BOOKMARK [2][-]{subsection.3.6}{\376\377\000\334\000b\000e\000r\000g\000a\000n\000g\000s\000f\000u\000n\000k\000t\000i\000o\000n\000\040\000\050\000S\000p\000r\000u\000n\000g\000a\000n\000t\000w\000o\000r\000t\000\051}{section.3}% 15
\BOOKMARK [2][-]{subsection.3.7}{\376\377\000F\000r\000e\000q\000u\000e\000n\000z\000g\000a\000n\000g}{section.3}% 16
\BOOKMARK [2][-]{subsection.3.8}{\376\377\000O\000r\000t\000s\000k\000u\000r\000v\000e\000\040\000\050\000N\000y\000q\000u\000i\000s\000t\000-\000P\000l\000o\000t\000\051}{section.3}% 17
\BOOKMARK [2][-]{subsection.3.9}{\376\377\000B\000o\000d\000e\000-\000D\000i\000a\000g\000r\000a\000m\000m}{section.3}% 18
\BOOKMARK [2][-]{subsection.3.10}{\376\377\000S\000t\000a\000t\000i\000s\000c\000h\000e\000\040\000K\000e\000n\000n\000l\000i\000n\000i\000e}{section.3}% 19
\BOOKMARK [2][-]{subsection.3.11}{\376\377\000P\000o\000l\000-\000N\000u\000l\000s\000t\000e\000l\000l\000e\000n\000-\000P\000l\000o\000t}{section.3}% 20
